<?xml version="1.0" encoding="UTF-8"?>
<!-- Generated by org.testng.reporters.JUnitXMLReporter -->
<testsuite ignored="0" hostname="CND1166CNH" failures="0" tests="5" name="firefoxbrowser" time="45.137" errors="0" timestamp="2022-01-21T18:42:59 IST">
  <testcase classname="NewTest.Test2" name="frame" time="5.414"/>
  <testcase classname="NewTest.Test2" name="printlink" time="2.551"/>
  <testcase classname="NewTest.Test2" name="form" time="11.531"/>
  <testcase classname="NewTest.Test2" name="mouse" time="12.773"/>
  <testcase classname="NewTest.Test2" name="demoaction" time="9.836"/>
</testsuite> <!-- firefoxbrowser -->
