<?xml version="1.0" encoding="UTF-8"?>
<testng-results ignored="0" total="5" passed="5" failed="0" skipped="0">
  <reporter-output>
    <line>
      <![CDATA[filled]]>
    </line>
  </reporter-output>
  <suite started-at="2022-01-21T18:42:14 IST" name="Suite" finished-at="2022-01-21T18:42:59 IST" duration-ms="45137">
    <groups>
    </groups>
    <test started-at="2022-01-21T18:42:14 IST" name="firefoxbrowser" finished-at="2022-01-21T18:42:59 IST" duration-ms="45137">
      <class name="NewTest.Test2">
        <test-method is-config="true" signature="launch(java.lang.String)[pri:0, instance:NewTest.Test2@2053d869]" started-at="2022-01-21T18:42:14 IST" name="launch" finished-at="2022-01-21T18:42:17 IST" duration-ms="2471" status="PASS">
          <params>
            <param index="0">
              <value>
                <![CDATA[firefox]]>
              </value>
            </param>
          </params>
          <reporter-output>
          </reporter-output>
        </test-method> <!-- launch -->
        <test-method signature="frame()[pri:0, instance:NewTest.Test2@2053d869]" started-at="2022-01-21T18:42:17 IST" name="frame" finished-at="2022-01-21T18:42:22 IST" duration-ms="5414" status="PASS">
          <reporter-output>
          </reporter-output>
        </test-method> <!-- frame -->
        <test-method signature="printlink()[pri:1, instance:NewTest.Test2@2053d869]" started-at="2022-01-21T18:42:22 IST" name="printlink" finished-at="2022-01-21T18:42:24 IST" duration-ms="2551" status="PASS">
          <reporter-output>
          </reporter-output>
        </test-method> <!-- printlink -->
        <test-method signature="form()[pri:2, instance:NewTest.Test2@2053d869]" started-at="2022-01-21T18:42:24 IST" name="form" finished-at="2022-01-21T18:42:36 IST" duration-ms="11531" status="PASS">
          <reporter-output>
            <line>
              <![CDATA[filled]]>
            </line>
          </reporter-output>
        </test-method> <!-- form -->
        <test-method signature="mouse()[pri:3, instance:NewTest.Test2@2053d869]" started-at="2022-01-21T18:42:36 IST" name="mouse" finished-at="2022-01-21T18:42:49 IST" duration-ms="12773" status="PASS">
          <reporter-output>
          </reporter-output>
        </test-method> <!-- mouse -->
        <test-method signature="demoaction()[pri:4, instance:NewTest.Test2@2053d869]" started-at="2022-01-21T18:42:49 IST" name="demoaction" finished-at="2022-01-21T18:42:59 IST" duration-ms="9836" status="PASS">
          <reporter-output>
          </reporter-output>
        </test-method> <!-- demoaction -->
        <test-method is-config="true" signature="close()[pri:0, instance:NewTest.Test2@2053d869]" started-at="2022-01-21T18:42:59 IST" name="close" finished-at="2022-01-21T18:42:59 IST" duration-ms="533" status="PASS">
          <reporter-output>
          </reporter-output>
        </test-method> <!-- close -->
      </class> <!-- NewTest.Test2 -->
    </test> <!-- firefoxbrowser -->
  </suite> <!-- Suite -->
</testng-results>
